_oe_sgx_load_context               => _oe_sgx__load_context
_oe_sgx_load_state                 => _oe_sgx__load_state
_oe_sgx_load_type                  => _oe_sgx__load_type
_oe_sha256_context                 => _oe_sha256__context
_oe_sha256_context_impl            => _oe_sha256__context_impl
oe_allocation_failure_callback_t   => oe_allocation_failure_callback_t_t
oe_dealloc_proc_t                  => oe_dealloc_proc_t_t
oe_ecdsa_signature_read_der        => oe_ecdsa__signature_read_der
oe_ecdsa_signature_write_der       => oe_ecdsa__signature_write_der
oe_enclave_func_t                  => oe_enclave_func_t_t
oe_host_func_t                     => oe_host_func_t_t
oe_sgx_build_enclave               => oe_sgx__build_enclave
oe_sgx_cleanup_load_context        => oe_sgx__cleanup_load_context
oe_sgx_create_enclave              => oe_sgx__create_enclave
oe_sgx_enclave_config_t            => oe_sgx__enclave_config_t
oe_sgx_enclave_properties_t        => oe_sgx__enclave_properties_t
oe_sgx_initialize_enclave          => oe_sgx__initialize_enclave
oe_sgx_initialize_load_context     => oe_sgx__initialize_load_context
oe_sgx_load_context_t              => oe_sgx__load_context_t
oe_sgx_load_enclave_data           => oe_sgx__load_enclave_data
oe_sgx_load_is_debug               => oe_sgx__load_is_debug
oe_sgx_load_is_simulation          => oe_sgx__load_is_simulation
oe_sgx_load_properties             => oe_sgx__load_properties
oe_sgx_load_state_t                => oe_sgx__load_state_t
oe_sgx_load_type_t                 => oe_sgx__load_type_t
oe_sgx_measure_create_enclave      => oe_sgx__measure_create_enclave
oe_sgx_measure_initialize_enclave  => oe_sgx__measure_initialize_enclave
oe_sgx_measure_load_enclave_data   => oe_sgx__measure_load_enclave_data
oe_sgx_sign_enclave                => oe_sgx__sign_enclave
oe_sgx_update_enclave_properties   => oe_sgx__update_enclave_properties
oe_sgx_valid_attributes            => oe_sgx__valid_attributes
oe_sgx_valid_num_heap_pages        => oe_sgx__valid_num_heap_pages
oe_sgx_valid_num_stack_pages       => oe_sgx__valid_num_stack_pages
oe_sgx_valid_num_tcs               => oe_sgx__valid_num_tcs
oe_sgx_valid_product_id            => oe_sgx__valid_product_id
oe_sgx_valid_security_version      => oe_sgx__valid_security_version
oe_sgx_validate_enclave_properties => oe_sgx__validate_enclave_properties
oe_sha256_context_impl_t           => oe_sha256__context_impl_t
oe_sha256_context_t                => oe_sha256__context_t
oe_sha256_final                    => oe_sha256__final
oe_sha256_init                     => oe_sha256__init
oe_sha256_str                      => oe_sha256__str
oe_sha256_to_str                   => oe_sha256__to_str
oe_sha256_update                   => oe_sha256__update
oe_waitpid_func_t                  => oe_waitpid_func_t_t
